This file contains any messages produced by compilers while
running configure, to aid debugging if configure makes a mistake.

It was created by IMa2 configure 8.27.12, which was
generated by GNU Autoconf 2.68.  Invocation command line was

  $ ./configure 

## --------- ##
## Platform. ##
## --------- ##

hostname = Maximilians-iMac.local
uname -m = x86_64
uname -r = 19.6.0
uname -s = Darwin
uname -v = Darwin Kernel Version 19.6.0: Thu Oct 29 22:56:45 PDT 2020; root:xnu-6153.141.2.2~1/RELEASE_X86_64

/usr/bin/uname -p = i386
/bin/uname -X     = unknown

/bin/arch              = unknown
/usr/bin/arch -k       = unknown
/usr/convex/getsysinfo = unknown
/usr/bin/hostinfo      = Mach kernel version:
	 Darwin Kernel Version 19.6.0: Thu Oct 29 22:56:45 PDT 2020; root:xnu-6153.141.2.2~1/RELEASE_X86_64
Kernel configured for up to 4 processors.
4 processors are physically available.
4 processors are logically available.
Processor type: x86_64h (Intel x86-64h Haswell)
Processors active: 0 1 2 3
Primary memory available: 16.00 gigabytes
Default processor set: 566 tasks, 2914 threads, 4 processors
Load average: 3.00, Mach factor: 1.19
/bin/machine           = unknown
/usr/bin/oslevel       = unknown
/bin/universe          = unknown

PATH: /Users/maximilianwagner/miniconda3/bin
PATH: /Users/maximilianwagner/miniconda3/condabin
PATH: /Users/maximilianwagner/anaconda2/bin
PATH: /opt/local/bin
PATH: /opt/local/sbin
PATH: /Library/Frameworks/Python.framework/Versions/3.5/bin
PATH: /Library/Frameworks/Python.framework/Versions/3.5/bin
PATH: /Library/Frameworks/Python.framework/Versions/2.7/bin
PATH: /Library/Frameworks/Python.framework/Versions/3.5/bin
PATH: /Library/Frameworks/Python.framework/Versions/3.5/bin
PATH: /usr/local/bin
PATH: /usr/bin
PATH: /bin
PATH: /usr/sbin
PATH: /sbin
PATH: /usr/local/ncbi/blast/bin
PATH: /opt/X11/bin
PATH: /Library/Apple/usr/bin
PATH: /Library/Frameworks/Mono.framework/Versions/Current/Commands
PATH: /Users/maximilianwagner/miniconda3/bin
PATH: /Users/maximilianwagner/miniconda3/condabin
PATH: /Users/maximilianwagner/anaconda2/bin
PATH: /opt/local/bin
PATH: /opt/local/sbin
PATH: /Library/Frameworks/Python.framework/Versions/3.5/bin
PATH: /Library/Frameworks/Python.framework/Versions/2.7/bin


## ----------- ##
## Core tests. ##
## ----------- ##

configure:2212: checking for a BSD-compatible install
configure:2280: result: /usr/bin/install -c
configure:2291: checking whether build environment is sane
configure:2328: result: yes
configure:2349: WARNING: `missing' script is too old or missing
configure:2455: checking for a thread-safe mkdir -p
configure:2494: result: build-aux/install-sh -c -d
configure:2507: checking for gawk
configure:2537: result: no
configure:2507: checking for mawk
configure:2537: result: no
configure:2507: checking for nawk
configure:2537: result: no
configure:2507: checking for awk
configure:2523: found /usr/bin/awk
configure:2534: result: awk
configure:2545: checking whether make sets $(MAKE)
configure:2567: result: yes
configure:2649: checking whether to enable maintainer-specific portions of Makefiles
configure:2658: result: no
configure:2672: checking whether make sets $(MAKE)
configure:2694: result: yes
configure:2708: checking build system type
configure:2722: result: x86_64-apple-darwin19.6.0
configure:2742: checking host system type
configure:2755: result: x86_64-apple-darwin19.6.0
configure:2830: checking for gcc
configure:2846: found /usr/bin/gcc
configure:2857: result: gcc
configure:3086: checking for C compiler version
configure:3095: gcc --version >&5
Apple clang version 11.0.3 (clang-1103.0.32.62)
Target: x86_64-apple-darwin19.6.0
Thread model: posix
InstalledDir: /Library/Developer/CommandLineTools/usr/bin
Configured with: --prefix=/Library/Developer/CommandLineTools/usr --with-gxx-include-dir=/Library/Developer/CommandLineTools/SDKs/MacOSX.sdk/usr/include/c++/4.2.1
configure:3106: $? = 0
configure:3095: gcc -v >&5
Configured with: --prefix=/Library/Developer/CommandLineTools/usr --with-gxx-include-dir=/Library/Developer/CommandLineTools/SDKs/MacOSX.sdk/usr/include/c++/4.2.1
Apple clang version 11.0.3 (clang-1103.0.32.62)
Target: x86_64-apple-darwin19.6.0
Thread model: posix
InstalledDir: /Library/Developer/CommandLineTools/usr/bin
configure:3106: $? = 0
configure:3095: gcc -V >&5
clang: error: unsupported option '-V -Wno-objc-signed-char-bool-implicit-int-conversion'
clang: error: no input files
configure:3106: $? = 1
configure:3095: gcc -qversion >&5
clang: error: unknown argument '-qversion'; did you mean '--version'?
clang: error: no input files
configure:3106: $? = 1
configure:3126: checking whether the C compiler works
configure:3148: gcc    conftest.c  >&5
configure:3152: $? = 0
configure:3200: result: yes
configure:3203: checking for C compiler default output file name
configure:3205: result: a.out
configure:3211: checking for suffix of executables
configure:3218: gcc -o conftest    conftest.c  >&5
configure:3222: $? = 0
configure:3244: result: 
configure:3266: checking whether we are cross compiling
configure:3274: gcc -o conftest    conftest.c  >&5
configure:3278: $? = 0
configure:3285: ./conftest
configure:3289: $? = 0
configure:3304: result: no
configure:3309: checking for suffix of object files
configure:3331: gcc -c   conftest.c >&5
configure:3335: $? = 0
configure:3356: result: o
configure:3360: checking whether we are using the GNU C compiler
configure:3379: gcc -c   conftest.c >&5
configure:3379: $? = 0
configure:3388: result: yes
configure:3397: checking whether gcc accepts -g
configure:3417: gcc -c -g  conftest.c >&5
configure:3417: $? = 0
configure:3458: result: yes
configure:3475: checking for gcc option to accept ISO C89
configure:3539: gcc  -c -g -O2  conftest.c >&5
configure:3539: $? = 0
configure:3552: result: none needed
configure:3577: checking how to run the C preprocessor
configure:3608: gcc -E  conftest.c
configure:3608: $? = 0
configure:3622: gcc -E  conftest.c
conftest.c:11:10: fatal error: 'ac_nonexistent.h' file not found
#include <ac_nonexistent.h>
         ^~~~~~~~~~~~~~~~~~
1 error generated.
configure:3622: $? = 1
configure: failed program was:
| /* confdefs.h */
| #define PACKAGE_NAME "IMa2"
| #define PACKAGE_TARNAME "ima2"
| #define PACKAGE_VERSION "8.27.12"
| #define PACKAGE_STRING "IMa2 8.27.12"
| #define PACKAGE_BUGREPORT ""
| #define PACKAGE_URL ""
| #define PACKAGE "ima2"
| #define VERSION "8.27.12"
| /* end confdefs.h.  */
| #include <ac_nonexistent.h>
configure:3647: result: gcc -E
configure:3667: gcc -E  conftest.c
configure:3667: $? = 0
configure:3681: gcc -E  conftest.c
conftest.c:11:10: fatal error: 'ac_nonexistent.h' file not found
#include <ac_nonexistent.h>
         ^~~~~~~~~~~~~~~~~~
1 error generated.
configure:3681: $? = 1
configure: failed program was:
| /* confdefs.h */
| #define PACKAGE_NAME "IMa2"
| #define PACKAGE_TARNAME "ima2"
| #define PACKAGE_VERSION "8.27.12"
| #define PACKAGE_STRING "IMa2 8.27.12"
| #define PACKAGE_BUGREPORT ""
| #define PACKAGE_URL ""
| #define PACKAGE "ima2"
| #define VERSION "8.27.12"
| /* end confdefs.h.  */
| #include <ac_nonexistent.h>
configure:3710: checking whether ln -s works
configure:3714: result: yes
configure:3722: checking whether gcc and cc understand -c and -o together
configure:3753: gcc -c conftest.cpp -o conftest2.o >&5
configure:3757: $? = 0
configure:3763: gcc -c conftest.cpp -o conftest2.o >&5
configure:3767: $? = 0
configure:3778: cc -c conftest.cpp >&5
configure:3782: $? = 0
configure:3790: cc -c conftest.cpp -o conftest2.o >&5
configure:3794: $? = 0
configure:3800: cc -c conftest.cpp -o conftest2.o >&5
configure:3804: $? = 0
configure:3822: result: yes
configure:3906: checking for g++
configure:3922: found /usr/bin/g++
configure:3933: result: g++
configure:3960: checking for C++ compiler version
configure:3969: g++ --version >&5
Apple clang version 11.0.3 (clang-1103.0.32.62)
Target: x86_64-apple-darwin19.6.0
Thread model: posix
InstalledDir: /Library/Developer/CommandLineTools/usr/bin
Configured with: --prefix=/Library/Developer/CommandLineTools/usr --with-gxx-include-dir=/Library/Developer/CommandLineTools/SDKs/MacOSX.sdk/usr/include/c++/4.2.1
configure:3980: $? = 0
configure:3969: g++ -v >&5
Configured with: --prefix=/Library/Developer/CommandLineTools/usr --with-gxx-include-dir=/Library/Developer/CommandLineTools/SDKs/MacOSX.sdk/usr/include/c++/4.2.1
Apple clang version 11.0.3 (clang-1103.0.32.62)
Target: x86_64-apple-darwin19.6.0
Thread model: posix
InstalledDir: /Library/Developer/CommandLineTools/usr/bin
configure:3980: $? = 0
configure:3969: g++ -V >&5
clang: error: unsupported option '-V -Wno-objc-signed-char-bool-implicit-int-conversion'
clang: error: no input files
configure:3980: $? = 1
configure:3969: g++ -qversion >&5
clang: error: unknown argument '-qversion'; did you mean '--version'?
clang: error: no input files
configure:3980: $? = 1
configure:3984: checking whether we are using the GNU C++ compiler
configure:4003: g++ -c   conftest.cpp >&5
configure:4003: $? = 0
configure:4012: result: yes
configure:4021: checking whether g++ accepts -g
configure:4041: g++ -c -g  conftest.cpp >&5
configure:4041: $? = 0
configure:4082: result: yes
configure:4111: checking how to run the C++ preprocessor
configure:4138: g++ -E  conftest.cpp
configure:4138: $? = 0
configure:4152: g++ -E  conftest.cpp
conftest.cpp:11:10: fatal error: 'ac_nonexistent.h' file not found
#include <ac_nonexistent.h>
         ^~~~~~~~~~~~~~~~~~
1 error generated.
configure:4152: $? = 1
configure: failed program was:
| /* confdefs.h */
| #define PACKAGE_NAME "IMa2"
| #define PACKAGE_TARNAME "ima2"
| #define PACKAGE_VERSION "8.27.12"
| #define PACKAGE_STRING "IMa2 8.27.12"
| #define PACKAGE_BUGREPORT ""
| #define PACKAGE_URL ""
| #define PACKAGE "ima2"
| #define VERSION "8.27.12"
| /* end confdefs.h.  */
| #include <ac_nonexistent.h>
configure:4177: result: g++ -E
configure:4197: g++ -E  conftest.cpp
configure:4197: $? = 0
configure:4211: g++ -E  conftest.cpp
conftest.cpp:11:10: fatal error: 'ac_nonexistent.h' file not found
#include <ac_nonexistent.h>
         ^~~~~~~~~~~~~~~~~~
1 error generated.
configure:4211: $? = 1
configure: failed program was:
| /* confdefs.h */
| #define PACKAGE_NAME "IMa2"
| #define PACKAGE_TARNAME "ima2"
| #define PACKAGE_VERSION "8.27.12"
| #define PACKAGE_STRING "IMa2 8.27.12"
| #define PACKAGE_BUGREPORT ""
| #define PACKAGE_URL ""
| #define PACKAGE "ima2"
| #define VERSION "8.27.12"
| /* end confdefs.h.  */
| #include <ac_nonexistent.h>
configure:4240: checking for grep that handles long lines and -e
configure:4298: result: /usr/bin/grep
configure:4303: checking for egrep
configure:4365: result: /usr/bin/grep -E
configure:4370: checking for ANSI C header files
configure:4390: g++ -c -g -O2  conftest.cpp >&5
configure:4390: $? = 0
configure:4463: g++ -o conftest -g -O2   conftest.cpp  >&5
configure:4463: $? = 0
configure:4463: ./conftest
configure:4463: $? = 0
configure:4474: result: yes
configure:4487: checking for sys/types.h
configure:4487: g++ -c -g -O2  conftest.cpp >&5
configure:4487: $? = 0
configure:4487: result: yes
configure:4487: checking for sys/stat.h
configure:4487: g++ -c -g -O2  conftest.cpp >&5
configure:4487: $? = 0
configure:4487: result: yes
configure:4487: checking for stdlib.h
configure:4487: g++ -c -g -O2  conftest.cpp >&5
configure:4487: $? = 0
configure:4487: result: yes
configure:4487: checking for string.h
configure:4487: g++ -c -g -O2  conftest.cpp >&5
configure:4487: $? = 0
configure:4487: result: yes
configure:4487: checking for memory.h
configure:4487: g++ -c -g -O2  conftest.cpp >&5
configure:4487: $? = 0
configure:4487: result: yes
configure:4487: checking for strings.h
configure:4487: g++ -c -g -O2  conftest.cpp >&5
configure:4487: $? = 0
configure:4487: result: yes
configure:4487: checking for inttypes.h
configure:4487: g++ -c -g -O2  conftest.cpp >&5
configure:4487: $? = 0
configure:4487: result: yes
configure:4487: checking for stdint.h
configure:4487: g++ -c -g -O2  conftest.cpp >&5
configure:4487: $? = 0
configure:4487: result: yes
configure:4487: checking for unistd.h
configure:4487: g++ -c -g -O2  conftest.cpp >&5
configure:4487: $? = 0
configure:4487: result: yes
configure:4499: checking for size_t
configure:4499: g++ -c -g -O2  conftest.cpp >&5
configure:4499: $? = 0
configure:4499: g++ -c -g -O2  conftest.cpp >&5
conftest.cpp:57:21: error: expected expression
if (sizeof ((size_t)))
                    ^
1 error generated.
configure:4499: $? = 1
configure: failed program was:
| /* confdefs.h */
| #define PACKAGE_NAME "IMa2"
| #define PACKAGE_TARNAME "ima2"
| #define PACKAGE_VERSION "8.27.12"
| #define PACKAGE_STRING "IMa2 8.27.12"
| #define PACKAGE_BUGREPORT ""
| #define PACKAGE_URL ""
| #define PACKAGE "ima2"
| #define VERSION "8.27.12"
| #define STDC_HEADERS 1
| #define HAVE_SYS_TYPES_H 1
| #define HAVE_SYS_STAT_H 1
| #define HAVE_STDLIB_H 1
| #define HAVE_STRING_H 1
| #define HAVE_MEMORY_H 1
| #define HAVE_STRINGS_H 1
| #define HAVE_INTTYPES_H 1
| #define HAVE_STDINT_H 1
| #define HAVE_UNISTD_H 1
| /* end confdefs.h.  */
| #include <stdio.h>
| #ifdef HAVE_SYS_TYPES_H
| # include <sys/types.h>
| #endif
| #ifdef HAVE_SYS_STAT_H
| # include <sys/stat.h>
| #endif
| #ifdef STDC_HEADERS
| # include <stdlib.h>
| # include <stddef.h>
| #else
| # ifdef HAVE_STDLIB_H
| #  include <stdlib.h>
| # endif
| #endif
| #ifdef HAVE_STRING_H
| # if !defined STDC_HEADERS && defined HAVE_MEMORY_H
| #  include <memory.h>
| # endif
| # include <string.h>
| #endif
| #ifdef HAVE_STRINGS_H
| # include <strings.h>
| #endif
| #ifdef HAVE_INTTYPES_H
| # include <inttypes.h>
| #endif
| #ifdef HAVE_STDINT_H
| # include <stdint.h>
| #endif
| #ifdef HAVE_UNISTD_H
| # include <unistd.h>
| #endif
| int
| main ()
| {
| if (sizeof ((size_t)))
| 	    return 0;
|   ;
|   return 0;
| }
configure:4499: result: yes
configure:4510: checking for working volatile
configure:4529: g++ -c -g -O2  conftest.cpp >&5
configure:4529: $? = 0
configure:4536: result: yes
configure:4544: checking for inline
configure:4560: g++ -c -g -O2  conftest.cpp >&5
configure:4560: $? = 0
configure:4568: result: inline
configure:4586: checking whether char is unsigned
configure:4604: g++ -c -g -O2  conftest.cpp >&5
configure:4604: $? = 0
configure:4611: result: no
configure:4621: checking for vprintf
configure:4621: g++ -o conftest -g -O2   conftest.cpp  >&5
configure:4621: $? = 0
configure:4621: result: yes
configure:4627: checking for _doprnt
configure:4627: g++ -o conftest -g -O2   conftest.cpp  >&5
Undefined symbols for architecture x86_64:
  "__doprnt", referenced from:
      _main in conftest-1af511.o
ld: symbol(s) not found for architecture x86_64
clang: error: linker command failed with exit code 1 (use -v to see invocation)
configure:4627: $? = 1
configure: failed program was:
| /* confdefs.h */
| #define PACKAGE_NAME "IMa2"
| #define PACKAGE_TARNAME "ima2"
| #define PACKAGE_VERSION "8.27.12"
| #define PACKAGE_STRING "IMa2 8.27.12"
| #define PACKAGE_BUGREPORT ""
| #define PACKAGE_URL ""
| #define PACKAGE "ima2"
| #define VERSION "8.27.12"
| #define STDC_HEADERS 1
| #define HAVE_SYS_TYPES_H 1
| #define HAVE_SYS_STAT_H 1
| #define HAVE_STDLIB_H 1
| #define HAVE_STRING_H 1
| #define HAVE_MEMORY_H 1
| #define HAVE_STRINGS_H 1
| #define HAVE_INTTYPES_H 1
| #define HAVE_STDINT_H 1
| #define HAVE_UNISTD_H 1
| #define HAVE_VPRINTF 1
| /* end confdefs.h.  */
| /* Define _doprnt to an innocuous variant, in case <limits.h> declares _doprnt.
|    For example, HP-UX 11i <limits.h> declares gettimeofday.  */
| #define _doprnt innocuous__doprnt
| 
| /* System header to define __stub macros and hopefully few prototypes,
|     which can conflict with char _doprnt (); below.
|     Prefer <limits.h> to <assert.h> if __STDC__ is defined, since
|     <limits.h> exists even on freestanding compilers.  */
| 
| #ifdef __STDC__
| # include <limits.h>
| #else
| # include <assert.h>
| #endif
| 
| #undef _doprnt
| 
| /* Override any GCC internal prototype to avoid an error.
|    Use char because int might match the return type of a GCC
|    builtin and then its argument prototype would still apply.  */
| #ifdef __cplusplus
| extern "C"
| #endif
| char _doprnt ();
| /* The GNU C library defines this for functions which it implements
|     to always fail with ENOSYS.  Some functions are actually named
|     something starting with __ and the normal name is an alias.  */
| #if defined __stub__doprnt || defined __stub____doprnt
| choke me
| #endif
| 
| int
| main ()
| {
| return _doprnt ();
|   ;
|   return 0;
| }
configure:4627: result: no
configure:4790: creating ./config.status

## ---------------------- ##
## Running config.status. ##
## ---------------------- ##

This file was extended by IMa2 config.status 8.27.12, which was
generated by GNU Autoconf 2.68.  Invocation command line was

  CONFIG_FILES    = 
  CONFIG_HEADERS  = 
  CONFIG_LINKS    = 
  CONFIG_COMMANDS = 
  $ ./config.status 

on Maximilians-iMac.local

config.status:857: creating src/Makefile
config.status:857: creating Makefile
config.status:857: creating config.h

## ---------------- ##
## Cache variables. ##
## ---------------- ##

ac_cv_build=x86_64-apple-darwin19.6.0
ac_cv_c_char_unsigned=no
ac_cv_c_compiler_gnu=yes
ac_cv_c_inline=inline
ac_cv_c_volatile=yes
ac_cv_cxx_compiler_gnu=yes
ac_cv_env_CCC_set=
ac_cv_env_CCC_value=
ac_cv_env_CC_set=
ac_cv_env_CC_value=
ac_cv_env_CFLAGS_set=
ac_cv_env_CFLAGS_value=
ac_cv_env_CPPFLAGS_set=
ac_cv_env_CPPFLAGS_value=
ac_cv_env_CPP_set=
ac_cv_env_CPP_value=
ac_cv_env_CXXCPP_set=
ac_cv_env_CXXCPP_value=
ac_cv_env_CXXFLAGS_set=
ac_cv_env_CXXFLAGS_value=
ac_cv_env_CXX_set=
ac_cv_env_CXX_value=
ac_cv_env_LDFLAGS_set=
ac_cv_env_LDFLAGS_value=
ac_cv_env_LIBS_set=
ac_cv_env_LIBS_value=
ac_cv_env_build_alias_set=
ac_cv_env_build_alias_value=
ac_cv_env_host_alias_set=
ac_cv_env_host_alias_value=
ac_cv_env_target_alias_set=
ac_cv_env_target_alias_value=
ac_cv_func__doprnt=no
ac_cv_func_vprintf=yes
ac_cv_header_inttypes_h=yes
ac_cv_header_memory_h=yes
ac_cv_header_stdc=yes
ac_cv_header_stdint_h=yes
ac_cv_header_stdlib_h=yes
ac_cv_header_string_h=yes
ac_cv_header_strings_h=yes
ac_cv_header_sys_stat_h=yes
ac_cv_header_sys_types_h=yes
ac_cv_header_unistd_h=yes
ac_cv_host=x86_64-apple-darwin19.6.0
ac_cv_objext=o
ac_cv_path_EGREP='/usr/bin/grep -E'
ac_cv_path_GREP=/usr/bin/grep
ac_cv_path_install='/usr/bin/install -c'
ac_cv_prog_AWK=awk
ac_cv_prog_CPP='gcc -E'
ac_cv_prog_CXXCPP='g++ -E'
ac_cv_prog_ac_ct_CC=gcc
ac_cv_prog_ac_ct_CXX=g++
ac_cv_prog_cc_c89=
ac_cv_prog_cc_g=yes
ac_cv_prog_cc_gcc_c_o=yes
ac_cv_prog_cxx_g=yes
ac_cv_prog_make_make_set=yes
ac_cv_type_size_t=yes

## ----------------- ##
## Output variables. ##
## ----------------- ##

ACLOCAL='aclocal-1.10'
AMTAR='tar'
AUTOCONF='autoconf'
AUTOHEADER='autoheader'
AUTOMAKE='automake-1.10'
AWK='awk'
CC='gcc'
CFLAGS='-g -O2'
CPP='gcc -E'
CPPFLAGS=''
CXX='g++'
CXXCPP='g++ -E'
CXXFLAGS='-g -O2'
CYGPATH_W='echo'
DEFS='-DHAVE_CONFIG_H'
ECHO_C='\c'
ECHO_N=''
ECHO_T=''
EGREP='/usr/bin/grep -E'
EXEEXT=''
GREP='/usr/bin/grep'
INSTALL_DATA='${INSTALL} -m 644'
INSTALL_PROGRAM='${INSTALL}'
INSTALL_SCRIPT='${INSTALL}'
INSTALL_STRIP_PROGRAM='$(install_sh) -c -s'
LDFLAGS=''
LIBOBJS=''
LIBS=''
LN_S='ln -s'
LTLIBOBJS=''
MAINT='#'
MAINTAINER_MODE_FALSE=''
MAINTAINER_MODE_TRUE='#'
MAKEINFO='makeinfo'
MKDIR_P='build-aux/install-sh -c -d'
OBJEXT='o'
PACKAGE='ima2'
PACKAGE_BUGREPORT=''
PACKAGE_NAME='IMa2'
PACKAGE_STRING='IMa2 8.27.12'
PACKAGE_TARNAME='ima2'
PACKAGE_URL=''
PACKAGE_VERSION='8.27.12'
PATH_SEPARATOR=':'
SET_MAKE=''
SHELL='/bin/sh'
STRIP=''
VERSION='8.27.12'
ac_ct_CC='gcc'
ac_ct_CXX='g++'
am__isrc=''
am__leading_dot='.'
am__tar='${AMTAR} chof - "$$tardir"'
am__untar='${AMTAR} xf -'
bindir='${exec_prefix}/bin'
build='x86_64-apple-darwin19.6.0'
build_alias=''
build_cpu='x86_64'
build_os='darwin19.6.0'
build_vendor='apple'
datadir='${datarootdir}'
datarootdir='${prefix}/share'
docdir='${datarootdir}/doc/${PACKAGE_TARNAME}'
dvidir='${docdir}'
exec_prefix='${prefix}'
host='x86_64-apple-darwin19.6.0'
host_alias=''
host_cpu='x86_64'
host_os='darwin19.6.0'
host_vendor='apple'
htmldir='${docdir}'
includedir='${prefix}/include'
infodir='${datarootdir}/info'
install_sh='$(SHELL) /Users/maximilianwagner/Library/Mobile Documents/com~apple~CloudDocs/Halozetes/IMa2/ima2-8.27.12/build-aux/install-sh'
libdir='${exec_prefix}/lib'
libexecdir='${exec_prefix}/libexec'
localedir='${datarootdir}/locale'
localstatedir='${prefix}/var'
mandir='${datarootdir}/man'
mkdir_p='$(top_builddir)/build-aux/install-sh -c -d'
oldincludedir='/usr/include'
pdfdir='${docdir}'
prefix='/usr/local'
program_transform_name='s,x,x,'
psdir='${docdir}'
sbindir='${exec_prefix}/sbin'
sharedstatedir='${prefix}/com'
sysconfdir='${prefix}/etc'
target_alias=''

## ----------- ##
## confdefs.h. ##
## ----------- ##

/* confdefs.h */
#define PACKAGE_NAME "IMa2"
#define PACKAGE_TARNAME "ima2"
#define PACKAGE_VERSION "8.27.12"
#define PACKAGE_STRING "IMa2 8.27.12"
#define PACKAGE_BUGREPORT ""
#define PACKAGE_URL ""
#define PACKAGE "ima2"
#define VERSION "8.27.12"
#define STDC_HEADERS 1
#define HAVE_SYS_TYPES_H 1
#define HAVE_SYS_STAT_H 1
#define HAVE_STDLIB_H 1
#define HAVE_STRING_H 1
#define HAVE_MEMORY_H 1
#define HAVE_STRINGS_H 1
#define HAVE_INTTYPES_H 1
#define HAVE_STDINT_H 1
#define HAVE_UNISTD_H 1
#define HAVE_VPRINTF 1
#define DARWIN 1
#define STRUCTURAMA "/usr/local/bin"

configure: exit 0
